

ERR-1653065505-backend/cpp/src/server_pthread.cc-int main()-1808 :: Could not create socket
ERR-1653065505-backend/cpp/src/server_pthread.cc-int main()-1823 :: Bind failed
ERR-1653065505-backend/cpp/src/server_pthread.cc-void* service(void*)-1752 :: Error on allocating close mutex
ERR-1653065538-backend/cpp/src/server_pthread.cc-int main()-1808 :: Could not create socket
ERR-1653065538-backend/cpp/src/server_pthread.cc-int main()-1823 :: Bind failed
ERR-1653065538-backend/cpp/src/server_pthread.cc-void* service(void*)-1752 :: Error on allocating close mutex
ERR-1653065538-backend/cpp/src/server_pthread.cc-void* service(void*)-1754 :: Error on allocating condition var
ERR-1653065538-backend/cpp/src/server_pthread.cc-void* service(void*)-1756 :: Error on allocating send mutex
ERR-1653065538-backend/cpp/src/server_pthread.cc-void* service(void*)-1758 :: Error on allocating ping/pong mutex
ERR-1653065538-backend/cpp/src/server_pthread.cc-int handshake(Frame*)-1529 :: No data recieved in handshake

ERR-1653065538-backend/cpp/src/server_pthread.cc-void* service(void*)-1752 :: Error on allocating close mutex
ERR-1653065538-backend/cpp/src/server_pthread.cc-void* connect(void*)-1642 :: HANDSHAKE return -1
ERR-1653065538-backend/cpp/src/server_pthread.cc-void* service(void*)-1754 :: Error on allocating condition var
ERR-1653065538-backend/cpp/src/server_pthread.cc-void* service(void*)-1756 :: Error on allocating send mutex
ERR-1653065538-backend/cpp/src/server_pthread.cc-int next_byte(Frame*)-1096 :: An error has occurred while trying to read next byte

ERR-1653065538-backend/cpp/src/server_pthread.cc-void* service(void*)-1758 :: Error on allocating ping/pong mutex
ERR-1653066389-backend/cpp/src/server_pthread.cc-int main()-1808 :: Could not create socket
ERR-1653066389-backend/cpp/src/server_pthread.cc-int main()-1823 :: Bind failed
ERR-1653066389-backend/cpp/src/server_pthread.cc-void* service(void*)-1752 :: Error on allocating close mutex
ERR-1653066389-backend/cpp/src/server_pthread.cc-void* service(void*)-1754 :: Error on allocating condition var
ERR-1653066389-backend/cpp/src/server_pthread.cc-void* service(void*)-1756 :: Error on allocating send mutex
ERR-1653066389-backend/cpp/src/server_pthread.cc-void* service(void*)-1758 :: Error on allocating ping/pong mutex
ERR-1653066389-backend/cpp/src/server_pthread.cc-int handshake(Frame*)-1529 :: No data recieved in handshake

ERR-1653066389-backend/cpp/src/server_pthread.cc-void* connect(void*)-1642 :: HANDSHAKE return -1
ERR-1653066389-backend/cpp/src/server_pthread.cc-void* service(void*)-1752 :: Error on allocating close mutex
ERR-1653066389-backend/cpp/src/server_pthread.cc-int next_byte(Frame*)-1096 :: An error has occurred while trying to read next byte

ERR-1653066389-backend/cpp/src/server_pthread.cc-void* service(void*)-1754 :: Error on allocating condition var
ERR-1653066481-backend/cpp/src/server_pthread.cc-int main()-1808 :: Could not create socket
ERR-1653066481-backend/cpp/src/server_pthread.cc-int main()-1823 :: Bind failed
ERR-1653066481-backend/cpp/src/server_pthread.cc-void* service(void*)-1752 :: Error on allocating close mutex
ERR-1653066481-backend/cpp/src/server_pthread.cc-void* service(void*)-1754 :: Error on allocating condition var
ERR-1653066481-backend/cpp/src/server_pthread.cc-void* service(void*)-1756 :: Error on allocating send mutex
ERR-1653066481-backend/cpp/src/server_pthread.cc-void* service(void*)-1758 :: Error on allocating ping/pong mutex
ERR-1653066481-backend/cpp/src/server_pthread.cc-int handshake(Frame*)-1529 :: No data recieved in handshake

ERR-1653066481-backend/cpp/src/server_pthread.cc-void* connect(void*)-1642 :: HANDSHAKE return -1
ERR-1653066481-backend/cpp/src/server_pthread.cc-void* service(void*)-1752 :: Error on allocating close mutex
ERR-1653066481-backend/cpp/src/server_pthread.cc-void* service(void*)-1754 :: Error on allocating condition var
ERR-1653066481-backend/cpp/src/server_pthread.cc-void* service(void*)-1756 :: Error on allocating send mutex
ERR-1653066481-backend/cpp/src/server_pthread.cc-int next_byte(Frame*)-1096 :: An error has occurred while trying to read next byte

ERR-1653066481-backend/cpp/src/server_pthread.cc-void* service(void*)-1758 :: Error on allocating ping/pong mutex
ERR-1653067494-backend/cpp/src/server_pthread.cc-int main()-1808 :: Could not create socket
ERR-1653067494-backend/cpp/src/server_pthread.cc-int main()-1823 :: Bind failed
ERR-1653067494-backend/cpp/src/server_pthread.cc-void* service(void*)-1752 :: Error on allocating close mutex
ERR-1653067494-backend/cpp/src/server_pthread.cc-void* service(void*)-1754 :: Error on allocating condition var
ERR-1653067494-backend/cpp/src/server_pthread.cc-void* service(void*)-1756 :: Error on allocating send mutex
ERR-1653067494-backend/cpp/src/server_pthread.cc-void* service(void*)-1758 :: Error on allocating ping/pong mutex
ERR-1653067494-backend/cpp/src/server_pthread.cc-int handshake(Frame*)-1529 :: No data recieved in handshake

ERR-1653067494-backend/cpp/src/server_pthread.cc-void* connect(void*)-1642 :: HANDSHAKE return -1
ERR-1653067494-backend/cpp/src/server_pthread.cc-void* service(void*)-1752 :: Error on allocating close mutex
ERR-1653067494-backend/cpp/src/server_pthread.cc-int next_byte(Frame*)-1096 :: An error has occurred while trying to read next byte

ERR-1653067494-backend/cpp/src/server_pthread.cc-void* service(void*)-1754 :: Error on allocating condition var
ERR-1653067494-backend/cpp/src/server_pthread.cc-void* service(void*)-1756 :: Error on allocating send mutex
ERR-1653071473-backend/cpp/src/server_pthread.cc-int main()-1815 :: Could not create socket
ERR-1653071473-backend/cpp/src/server_pthread.cc-int main()-1830 :: Bind failed
ERR-1653071473-backend/cpp/src/server_pthread.cc-int handshake(Frame*)-1530 :: No data recieved in handshake

ERR-1653071473-backend/cpp/src/server_pthread.cc-int handshake(Frame*)-1530 :: No data recieved in handshake

ERR-1653071473-backend/cpp/src/server_pthread.cc-int handshake(Frame*)-1530 :: No data recieved in handshake

ERR-1653071473-backend/cpp/src/server_pthread.cc-int handshake(Frame*)-1530 :: No data recieved in handshake

ERR-1653071473-backend/cpp/src/server_pthread.cc-void* connect(void*)-1643 :: HANDSHAKE return -1
ERR-1653071473-backend/cpp/src/server_pthread.cc-int handshake(Frame*)-1530 :: No data recieved in handshake

ERR-1653071473-backend/cpp/src/server_pthread.cc-void* connect(void*)-1643 :: HANDSHAKE return -1
ERR-1653071473-backend/cpp/src/server_pthread.cc-void* connect(void*)-1643 :: HANDSHAKE return -1
ERR-1653071473-backend/cpp/src/server_pthread.cc-int next_byte(Frame*)-1097 :: An error has occurred while trying to read next byte

ERR-1653071473-backend/cpp/src/server_pthread.cc-int handshake(Frame*)-1530 :: No data recieved in handshake

ERR-1653071473-backend/cpp/src/server_pthread.cc-void* connect(void*)-1643 :: HANDSHAKE return -1
ERR-1653071473-backend/cpp/src/server_pthread.cc-int handshake(Frame*)-1530 :: No data recieved in handshake

ERR-1653071473-backend/cpp/src/server_pthread.cc-int handshake(Frame*)-1530 :: No data recieved in handshake

ERR-1653071473-backend/cpp/src/server_pthread.cc-int next_byte(Frame*)-1097 :: An error has occurred while trying to read next byte

ERR-1653071473-backend/cpp/src/server_pthread.cc-void* connect(void*)-1643 :: HANDSHAKE return -1
ERR-1653071473-backend/cpp/src/server_pthread.cc-int next_byte(Frame*)-1097 :: An error has occurred while trying to read next byte

ERR-1653071473-backend/cpp/src/server_pthread.cc-void* connect(void*)-1643 :: HANDSHAKE return -1
ERR-1653071473-backend/cpp/src/server_pthread.cc-void* connect(void*)-1643 :: HANDSHAKE return -1
ERR-1653071473-backend/cpp/src/server_pthread.cc-int handshake(Frame*)-1530 :: No data recieved in handshake

ERR-1653071473-backend/cpp/src/server_pthread.cc-int next_byte(Frame*)-1097 :: An error has occurred while trying to read next byte

ERR-1653071473-backend/cpp/src/server_pthread.cc-int handshake(Frame*)-1530 :: No data recieved in handshake

ERR-1653071473-backend/cpp/src/server_pthread.cc-int handshake(Frame*)-1530 :: No data recieved in handshake

ERR-1653071514-backend/cpp/src/server_pthread.cc-int main()-1830 :: Bind failed
ERR-1653071514-backend/cpp/src/server_pthread.cc-int handshake(Frame*)-1530 :: No data recieved in handshake

ERR-1653071514-backend/cpp/src/server_pthread.cc-int handshake(Frame*)-1530 :: No data recieved in handshake

ERR-1653071514-backend/cpp/src/server_pthread.cc-int handshake(Frame*)-1530 :: No data recieved in handshake

ERR-1653071514-backend/cpp/src/server_pthread.cc-int handshake(Frame*)-1530 :: No data recieved in handshake

ERR-1653071514-backend/cpp/src/server_pthread.cc-void* connect(void*)-1643 :: HANDSHAKE return -1
ERR-1653071514-backend/cpp/src/server_pthread.cc-void* connect(void*)-1643 :: HANDSHAKE return -1
ERR-1653071514-backend/cpp/src/server_pthread.cc-void* connect(void*)-1643 :: HANDSHAKE return -1
ERR-1653071514-backend/cpp/src/server_pthread.cc-int handshake(Frame*)-1530 :: No data recieved in handshake

ERR-1653071514-backend/cpp/src/server_pthread.cc-void* connect(void*)-1643 :: HANDSHAKE return -1
ERR-1653071514-backend/cpp/src/server_pthread.cc-int next_byte(Frame*)-1097 :: An error has occurred while trying to read next byte

ERR-1653071514-backend/cpp/src/server_pthread.cc-int handshake(Frame*)-1530 :: No data recieved in handshake

ERR-1653071514-backend/cpp/src/server_pthread.cc-int handshake(Frame*)-1530 :: No data recieved in handshake

ERR-1653071514-backend/cpp/src/server_pthread.cc-int handshake(Frame*)-1530 :: No data recieved in handshake

ERR-1653071514-backend/cpp/src/server_pthread.cc-int handshake(Frame*)-1530 :: No data recieved in handshake

ERR-1653071514-backend/cpp/src/server_pthread.cc-int handshake(Frame*)-1530 :: No data recieved in handshake

ERR-1653071514-backend/cpp/src/server_pthread.cc-int handshake(Frame*)-1530 :: No data recieved in handshake

ERR-1653071514-backend/cpp/src/server_pthread.cc-void* connect(void*)-1643 :: HANDSHAKE return -1
ERR-1653071514-backend/cpp/src/server_pthread.cc-int handshake(Frame*)-1530 :: No data recieved in handshake

ERR-1653071514-backend/cpp/src/server_pthread.cc-int next_byte(Frame*)-1097 :: An error has occurred while trying to read next byte

ERR-1653071514-backend/cpp/src/server_pthread.cc-void* connect(void*)-1643 :: HANDSHAKE return -1
ERR-1653071514-backend/cpp/src/server_pthread.cc-int next_byte(Frame*)-1097 :: An error has occurred while trying to read next byte

ERR-1653071514-backend/cpp/src/server_pthread.cc-int next_byte(Frame*)-1097 :: An error has occurred while trying to read next byte

ERR-1653071514-backend/cpp/src/server_pthread.cc-void* connect(void*)-1643 :: HANDSHAKE return -1
ERR-1653071543-backend/cpp/src/server_pthread.cc-int handshake(Frame*)-1530 :: No data recieved in handshake

ERR-1653071543-backend/cpp/src/server_pthread.cc-int handshake(Frame*)-1530 :: No data recieved in handshake

ERR-1653071543-backend/cpp/src/server_pthread.cc-int handshake(Frame*)-1530 :: No data recieved in handshake

ERR-1653071543-backend/cpp/src/server_pthread.cc-void* connect(void*)-1643 :: HANDSHAKE return -1
ERR-1653071543-backend/cpp/src/server_pthread.cc-int handshake(Frame*)-1530 :: No data recieved in handshake

ERR-1653071543-backend/cpp/src/server_pthread.cc-int handshake(Frame*)-1530 :: No data recieved in handshake

ERR-1653071543-backend/cpp/src/server_pthread.cc-int handshake(Frame*)-1530 :: No data recieved in handshake

ERR-1653071543-backend/cpp/src/server_pthread.cc-void* connect(void*)-1643 :: HANDSHAKE return -1
ERR-1653071543-backend/cpp/src/server_pthread.cc-void* connect(void*)-1643 :: HANDSHAKE return -1
ERR-1653071543-backend/cpp/src/server_pthread.cc-void* connect(void*)-1643 :: HANDSHAKE return -1
ERR-1653071543-backend/cpp/src/server_pthread.cc-int next_byte(Frame*)-1097 :: An error has occurred while trying to read next byte

ERR-1653071543-backend/cpp/src/server_pthread.cc-void* connect(void*)-1643 :: HANDSHAKE return -1
ERR-1653071543-backend/cpp/src/server_pthread.cc-int handshake(Frame*)-1530 :: No data recieved in handshake

ERR-1653071543-backend/cpp/src/server_pthread.cc-int handshake(Frame*)-1530 :: No data recieved in handshake

ERR-1653071543-backend/cpp/src/server_pthread.cc-int next_byte(Frame*)-1097 :: An error has occurred while trying to read next byte

ERR-1653071543-backend/cpp/src/server_pthread.cc-void* connect(void*)-1643 :: HANDSHAKE return -1
ERR-1653071543-backend/cpp/src/server_pthread.cc-int next_byte(Frame*)-1097 :: An error has occurred while trying to read next byte

ERR-1653071543-backend/cpp/src/server_pthread.cc-int next_byte(Frame*)-1097 :: An error has occurred while trying to read next byte

ERR-1653071543-backend/cpp/src/server_pthread.cc-int handshake(Frame*)-1530 :: No data recieved in handshake

ERR-1653071543-backend/cpp/src/server_pthread.cc-void* connect(void*)-1643 :: HANDSHAKE return -1
ERR-1653071543-backend/cpp/src/server_pthread.cc-int handshake(Frame*)-1530 :: No data recieved in handshake

ERR-1653071543-backend/cpp/src/server_pthread.cc-int next_byte(Frame*)-1097 :: An error has occurred while trying to read next byte

ERR-1653071543-backend/cpp/src/server_pthread.cc-void* connect(void*)-1643 :: HANDSHAKE return -1
ERR-1653071543-backend/cpp/src/server_pthread.cc-int handshake(Frame*)-1530 :: No data recieved in handshake

ERR-1653071543-backend/cpp/src/server_pthread.cc-int handshake(Frame*)-1530 :: No data recieved in handshake

ERR-1653071590-backend/cpp/src/server_pthread.cc-int handshake(Frame*)-1530 :: No data recieved in handshake

ERR-1653071590-backend/cpp/src/server_pthread.cc-int handshake(Frame*)-1530 :: No data recieved in handshake

ERR-1653071590-backend/cpp/src/server_pthread.cc-void* connect(void*)-1643 :: HANDSHAKE return -1
ERR-1653071590-backend/cpp/src/server_pthread.cc-int handshake(Frame*)-1530 :: No data recieved in handshake

ERR-1653071590-backend/cpp/src/server_pthread.cc-int handshake(Frame*)-1530 :: No data recieved in handshake

ERR-1653071590-backend/cpp/src/server_pthread.cc-void* connect(void*)-1643 :: HANDSHAKE return -1
ERR-1653071590-backend/cpp/src/server_pthread.cc-void* connect(void*)-1643 :: HANDSHAKE return -1
ERR-1653071590-backend/cpp/src/server_pthread.cc-int handshake(Frame*)-1530 :: No data recieved in handshake

ERR-1653071590-backend/cpp/src/server_pthread.cc-void* connect(void*)-1643 :: HANDSHAKE return -1
ERR-1653071590-backend/cpp/src/server_pthread.cc-int handshake(Frame*)-1530 :: No data recieved in handshake

ERR-1653071590-backend/cpp/src/server_pthread.cc-int handshake(Frame*)-1530 :: No data recieved in handshake

ERR-1653071590-backend/cpp/src/server_pthread.cc-int next_byte(Frame*)-1097 :: An error has occurred while trying to read next byte

ERR-1653071590-backend/cpp/src/server_pthread.cc-int handshake(Frame*)-1530 :: No data recieved in handshake

ERR-1653071590-backend/cpp/src/server_pthread.cc-int handshake(Frame*)-1530 :: No data recieved in handshake

ERR-1653071590-backend/cpp/src/server_pthread.cc-int handshake(Frame*)-1530 :: No data recieved in handshake

ERR-1653071590-backend/cpp/src/server_pthread.cc-int handshake(Frame*)-1530 :: No data recieved in handshake

ERR-1653071590-backend/cpp/src/server_pthread.cc-int next_byte(Frame*)-1097 :: An error has occurred while trying to read next byte

ERR-1653071590-backend/cpp/src/server_pthread.cc-void* connect(void*)-1643 :: HANDSHAKE return -1
ERR-1653071590-backend/cpp/src/server_pthread.cc-int handshake(Frame*)-1530 :: No data recieved in handshake

ERR-1653071590-backend/cpp/src/server_pthread.cc-int next_byte(Frame*)-1097 :: An error has occurred while trying to read next byte

ERR-1653071590-backend/cpp/src/server_pthread.cc-void* connect(void*)-1643 :: HANDSHAKE return -1
ERR-1653071590-backend/cpp/src/server_pthread.cc-int next_byte(Frame*)-1097 :: An error has occurred while trying to read next byte

ERR-1653071590-backend/cpp/src/server_pthread.cc-void* connect(void*)-1643 :: HANDSHAKE return -1
