SERVER-[2022-09-21 12:39:48]-/mnt/d/jericho2/src/main.cc-int main(int, char**)-189-Request received from client: <client-address>
SERVER-[2022-09-21 12:39:48]-/mnt/d/jericho2/src/server/client.cc-void drop_client(Client*, Client**)-90-Dropping client: <client-address>
SERVER-[2022-09-21 12:39:48]-/mnt/d/jericho2/src/main.cc-int main(int, char**)-189-Request received from client: <client-address>
SERVER-[2022-09-21 12:39:49]-/mnt/d/jericho2/src/main.cc-int main(int, char**)-132-Accepting client...
SERVER-[2022-09-21 12:39:49]-/mnt/d/jericho2/src/main.cc-int main(int, char**)-140-New connection from ∞ï›F6V.
SERVER-[2022-09-21 12:39:49]-/mnt/d/jericho2/src/main.cc-int main(int, char**)-142-Generating new SSL context...
SERVER-[2022-09-21 12:39:49]-/mnt/d/jericho2/src/server/client.cc-void drop_client(Client*, Client**)-90-Dropping client: <client-address>
SERVER-[2022-09-21 12:39:49]-/mnt/d/jericho2/src/main.cc-int main(int, char**)-132-Accepting client...
SERVER-[2022-09-21 12:39:49]-/mnt/d/jericho2/src/main.cc-int main(int, char**)-140-New connection from  ÇÿF6V.
SERVER-[2022-09-21 12:39:49]-/mnt/d/jericho2/src/main.cc-int main(int, char**)-142-Generating new SSL context...
SERVER-[2022-09-21 12:39:49]-/mnt/d/jericho2/src/server/client.cc-void drop_client(Client*, Client**)-90-Dropping client: <client-address>
SERVER-[2022-09-21 12:39:49]-/mnt/d/jericho2/src/main.cc-int main(int, char**)-132-Accepting client...
SERVER-[2022-09-21 12:39:49]-/mnt/d/jericho2/src/main.cc-int main(int, char**)-140-New connection from êû‹F6V.
SERVER-[2022-09-21 12:39:49]-/mnt/d/jericho2/src/main.cc-int main(int, char**)-142-Generating new SSL context...
SERVER-[2022-09-21 12:39:49]-/mnt/d/jericho2/src/main.cc-int main(int, char**)-189-Request received from client: <client-address>
SERVER-[2022-09-21 12:39:49]-/mnt/d/jericho2/src/server/client.cc-void drop_client(Client*, Client**)-90-Dropping client: <client-address>
SERVER-[2022-09-21 12:39:49]-/mnt/d/jericho2/src/main.cc-int main(int, char**)-132-Accepting client...
SERVER-[2022-09-21 12:39:49]-/mnt/d/jericho2/src/main.cc-int main(int, char**)-140-New connection from ê.
SERVER-[2022-09-21 12:39:49]-/mnt/d/jericho2/src/main.cc-int main(int, char**)-142-Generating new SSL context...
SERVER-[2022-09-21 12:39:49]-/mnt/d/jericho2/src/main.cc-int main(int, char**)-189-Request received from client: <client-address>
SERVER-[2022-09-21 12:39:49]-/mnt/d/jericho2/src/server/client.cc-void drop_client(Client*, Client**)-90-Dropping client: <client-address>
SERVER-[2022-09-21 12:39:49]-/mnt/d/jericho2/src/main.cc-int main(int, char**)-132-Accepting client...
SERVER-[2022-09-21 12:39:49]-/mnt/d/jericho2/src/main.cc-int main(int, char**)-140-New connection from 0ﬁF6V.
SERVER-[2022-09-21 12:39:49]-/mnt/d/jericho2/src/main.cc-int main(int, char**)-142-Generating new SSL context...
SERVER-[2022-09-21 12:39:49]-/mnt/d/jericho2/src/server/client.cc-void drop_client(Client*, Client**)-90-Dropping client: <client-address>
SERVER-[2022-09-21 12:39:49]-/mnt/d/jericho2/src/main.cc-int main(int, char**)-132-Accepting client...
SERVER-[2022-09-21 12:39:49]-/mnt/d/jericho2/src/main.cc-int main(int, char**)-140-New connection from –#ﬁF6V.
SERVER-[2022-09-21 12:39:49]-/mnt/d/jericho2/src/main.cc-int main(int, char**)-142-Generating new SSL context...
SERVER-[2022-09-21 12:39:49]-/mnt/d/jericho2/src/server/client.cc-void drop_client(Client*, Client**)-90-Dropping client: <client-address>
SERVER-[2022-09-21 12:39:49]-/mnt/d/jericho2/src/main.cc-int main(int, char**)-132-Accepting client...
SERVER-[2022-09-21 12:39:49]-/mnt/d/jericho2/src/main.cc-int main(int, char**)-140-New connection from  ∑ﬁF6V.
SERVER-[2022-09-21 12:39:49]-/mnt/d/jericho2/src/main.cc-int main(int, char**)-142-Generating new SSL context...
SERVER-[2022-09-21 12:39:49]-/mnt/d/jericho2/src/server/client.cc-void drop_client(Client*, Client**)-90-Dropping client: <client-address>
SERVER-[2022-09-21 12:39:49]-/mnt/d/jericho2/src/main.cc-int main(int, char**)-132-Accepting client...
SERVER-[2022-09-21 12:39:49]-/mnt/d/jericho2/src/main.cc-int main(int, char**)-140-New connection from ¿»ﬁF6V.
SERVER-[2022-09-21 12:39:49]-/mnt/d/jericho2/src/main.cc-int main(int, char**)-142-Generating new SSL context...
SERVER-[2022-09-21 12:39:49]-/mnt/d/jericho2/src/server/client.cc-void drop_client(Client*, Client**)-90-Dropping client: <client-address>
SERVER-[2022-09-21 12:39:50]-/mnt/d/jericho2/src/main.cc-int main(int, char**)-132-Accepting client...
SERVER-[2022-09-21 12:39:50]-/mnt/d/jericho2/src/main.cc-int main(int, char**)-140-New connection from `⁄ﬁF6V.
SERVER-[2022-09-21 12:39:50]-/mnt/d/jericho2/src/main.cc-int main(int, char**)-142-Generating new SSL context...
SERVER-[2022-09-21 12:39:50]-/mnt/d/jericho2/src/main.cc-int main(int, char**)-189-Request received from client: <client-address>
SERVER-[2022-09-21 12:39:50]-/mnt/d/jericho2/src/server/client.cc-void drop_client(Client*, Client**)-90-Dropping client: <client-address>
SERVER-[2022-09-21 12:39:50]-/mnt/d/jericho2/src/main.cc-int main(int, char**)-132-Accepting client...
SERVER-[2022-09-21 12:39:50]-/mnt/d/jericho2/src/main.cc-int main(int, char**)-140-New connection from †˝ﬁF6V.
SERVER-[2022-09-21 12:39:50]-/mnt/d/jericho2/src/main.cc-int main(int, char**)-142-Generating new SSL context...
SERVER-[2022-09-21 12:39:50]-/mnt/d/jericho2/src/main.cc-int main(int, char**)-132-Accepting client...
SERVER-[2022-09-21 12:39:50]-/mnt/d/jericho2/src/main.cc-int main(int, char**)-140-New connection from ÄÛﬂF6V.
SERVER-[2022-09-21 12:39:50]-/mnt/d/jericho2/src/main.cc-int main(int, char**)-142-Generating new SSL context...
SERVER-[2022-09-21 12:39:50]-/mnt/d/jericho2/src/main.cc-int main(int, char**)-189-Request received from client: <client-address>
SERVER-[2022-09-21 12:39:50]-/mnt/d/jericho2/src/server/client.cc-void drop_client(Client*, Client**)-90-Dropping client: <client-address>
SERVER-[2022-09-21 12:39:50]-/mnt/d/jericho2/src/main.cc-int main(int, char**)-132-Accepting client...
SERVER-[2022-09-21 12:39:50]-/mnt/d/jericho2/src/main.cc-int main(int, char**)-140-New connection from †Œ‡F6V.
SERVER-[2022-09-21 12:39:50]-/mnt/d/jericho2/src/main.cc-int main(int, char**)-142-Generating new SSL context...
SERVER-[2022-09-21 12:39:50]-/mnt/d/jericho2/src/main.cc-int main(int, char**)-189-Request received from client: <client-address>
SERVER-[2022-09-21 12:39:50]-/mnt/d/jericho2/src/main.cc-void open(Client*)-39-Opening Connection!
SERVER-[2022-09-21 12:42:40]-/mnt/d/jericho2/src/main.cc-void* server_destroy(void*)-318-Gracefully terminated!
SERVER-[2022-09-21 12:42:55]-/mnt/d/jericho2/src/main.cc-void server_create(int, char**)-259-Starting server...
SERVER-[2022-09-21 12:42:59]-/mnt/d/jericho2/src/main.cc-int main(int, char**)-137-New connection from 127.0.0.1.
SERVER-[2022-09-21 12:42:59]-/mnt/d/jericho2/src/server/client.cc-void drop_client(Client*, Client**)-90-Dropping client: <client-address>
SERVER-[2022-09-21 12:42:59]-/mnt/d/jericho2/src/main.cc-int main(int, char**)-137-New connection from 127.0.0.1.
SERVER-[2022-09-21 12:42:59]-/mnt/d/jericho2/src/server/client.cc-void drop_client(Client*, Client**)-90-Dropping client: <client-address>
SERVER-[2022-09-21 12:42:59]-/mnt/d/jericho2/src/main.cc-int main(int, char**)-137-New connection from 127.0.0.1.
SERVER-[2022-09-21 12:42:59]-/mnt/d/jericho2/src/main.cc-int main(int, char**)-187-Request received from client: <client-address>
SERVER-[2022-09-21 12:42:59]-/mnt/d/jericho2/src/server/client.cc-void drop_client(Client*, Client**)-90-Dropping client: <client-address>
SERVER-[2022-09-21 12:42:59]-/mnt/d/jericho2/src/main.cc-int main(int, char**)-137-New connection from 127.0.0.1.
SERVER-[2022-09-21 12:42:59]-/mnt/d/jericho2/src/main.cc-int main(int, char**)-187-Request received from client: <client-address>
SERVER-[2022-09-21 12:42:59]-/mnt/d/jericho2/src/server/client.cc-void drop_client(Client*, Client**)-90-Dropping client: <client-address>
SERVER-[2022-09-21 12:42:59]-/mnt/d/jericho2/src/main.cc-int main(int, char**)-137-New connection from 127.0.0.1.
SERVER-[2022-09-21 12:42:59]-/mnt/d/jericho2/src/server/client.cc-void drop_client(Client*, Client**)-90-Dropping client: <client-address>
SERVER-[2022-09-21 12:42:59]-/mnt/d/jericho2/src/main.cc-int main(int, char**)-137-New connection from 127.0.0.1.
SERVER-[2022-09-21 12:42:59]-/mnt/d/jericho2/src/server/client.cc-void drop_client(Client*, Client**)-90-Dropping client: <client-address>
SERVER-[2022-09-21 12:42:59]-/mnt/d/jericho2/src/main.cc-int main(int, char**)-137-New connection from 127.0.0.1.
SERVER-[2022-09-21 12:42:59]-/mnt/d/jericho2/src/server/client.cc-void drop_client(Client*, Client**)-90-Dropping client: <client-address>
SERVER-[2022-09-21 12:42:59]-/mnt/d/jericho2/src/main.cc-int main(int, char**)-137-New connection from 127.0.0.1.
SERVER-[2022-09-21 12:42:59]-/mnt/d/jericho2/src/server/client.cc-void drop_client(Client*, Client**)-90-Dropping client: <client-address>
SERVER-[2022-09-21 12:42:59]-/mnt/d/jericho2/src/main.cc-int main(int, char**)-137-New connection from 127.0.0.1.
SERVER-[2022-09-21 12:42:59]-/mnt/d/jericho2/src/server/client.cc-void drop_client(Client*, Client**)-90-Dropping client: <client-address>
SERVER-[2022-09-21 12:43:00]-/mnt/d/jericho2/src/main.cc-int main(int, char**)-137-New connection from 127.0.0.1.
SERVER-[2022-09-21 12:43:00]-/mnt/d/jericho2/src/server/client.cc-void drop_client(Client*, Client**)-90-Dropping client: <client-address>
SERVER-[2022-09-21 12:43:00]-/mnt/d/jericho2/src/main.cc-int main(int, char**)-137-New connection from 127.0.0.1.
SERVER-[2022-09-21 12:43:00]-/mnt/d/jericho2/src/server/client.cc-void drop_client(Client*, Client**)-90-Dropping client: <client-address>
SERVER-[2022-09-21 12:43:00]-/mnt/d/jericho2/src/main.cc-int main(int, char**)-137-New connection from 127.0.0.1.
SERVER-[2022-09-21 12:43:00]-/mnt/d/jericho2/src/main.cc-int main(int, char**)-187-Request received from client: <client-address>
SERVER-[2022-09-21 12:43:00]-/mnt/d/jericho2/src/server/client.cc-void drop_client(Client*, Client**)-90-Dropping client: <client-address>
SERVER-[2022-09-21 12:43:00]-/mnt/d/jericho2/src/main.cc-int main(int, char**)-137-New connection from 127.0.0.1.
SERVER-[2022-09-21 12:43:00]-/mnt/d/jericho2/src/main.cc-int main(int, char**)-137-New connection from 127.0.0.1.
SERVER-[2022-09-21 12:43:00]-/mnt/d/jericho2/src/main.cc-int main(int, char**)-137-New connection from 127.0.0.1.
SERVER-[2022-09-21 12:43:00]-/mnt/d/jericho2/src/main.cc-int main(int, char**)-187-Request received from client: <client-address>
SERVER-[2022-09-21 12:43:00]-/mnt/d/jericho2/src/main.cc-int main(int, char**)-187-Request received from client: <client-address>
SERVER-[2022-09-21 12:43:00]-/mnt/d/jericho2/src/server/client.cc-void drop_client(Client*, Client**)-90-Dropping client: <client-address>
SERVER-[2022-09-21 12:43:00]-/mnt/d/jericho2/src/main.cc-int main(int, char**)-187-Request received from client: <client-address>
SERVER-[2022-09-21 12:43:00]-/mnt/d/jericho2/src/main.cc-int main(int, char**)-137-New connection from 127.0.0.1.
SERVER-[2022-09-21 12:43:00]-/mnt/d/jericho2/src/main.cc-int main(int, char**)-187-Request received from client: <client-address>
SERVER-[2022-09-21 12:43:00]-/mnt/d/jericho2/src/main.cc-int main(int, char**)-137-New connection from 127.0.0.1.
SERVER-[2022-09-21 12:43:00]-/mnt/d/jericho2/src/main.cc-int main(int, char**)-187-Request received from client: <client-address>
SERVER-[2022-09-21 12:43:00]-/mnt/d/jericho2/src/main.cc-int main(int, char**)-137-New connection from 127.0.0.1.
SERVER-[2022-09-21 12:43:00]-/mnt/d/jericho2/src/main.cc-int main(int, char**)-187-Request received from client: <client-address>
SERVER-[2022-09-21 12:43:00]-/mnt/d/jericho2/src/main.cc-int main(int, char**)-137-New connection from 127.0.0.1.
SERVER-[2022-09-21 12:43:00]-/mnt/d/jericho2/src/server/client.cc-void drop_client(Client*, Client**)-90-Dropping client: <client-address>
SERVER-[2022-09-21 12:43:00]-/mnt/d/jericho2/src/main.cc-int main(int, char**)-137-New connection from 127.0.0.1.
SERVER-[2022-09-21 12:43:00]-/mnt/d/jericho2/src/server/client.cc-void drop_client(Client*, Client**)-90-Dropping client: <client-address>
SERVER-[2022-09-21 12:43:00]-/mnt/d/jericho2/src/main.cc-int main(int, char**)-137-New connection from 127.0.0.1.
SERVER-[2022-09-21 12:43:00]-/mnt/d/jericho2/src/server/client.cc-void drop_client(Client*, Client**)-90-Dropping client: <client-address>
SERVER-[2022-09-21 12:43:00]-/mnt/d/jericho2/src/main.cc-int main(int, char**)-137-New connection from 127.0.0.1.
SERVER-[2022-09-21 12:43:00]-/mnt/d/jericho2/src/server/client.cc-void drop_client(Client*, Client**)-90-Dropping client: <client-address>
SERVER-[2022-09-21 12:43:00]-/mnt/d/jericho2/src/main.cc-int main(int, char**)-137-New connection from 127.0.0.1.
SERVER-[2022-09-21 12:43:00]-/mnt/d/jericho2/src/server/client.cc-void drop_client(Client*, Client**)-90-Dropping client: <client-address>
SERVER-[2022-09-21 12:43:00]-/mnt/d/jericho2/src/main.cc-int main(int, char**)-137-New connection from 127.0.0.1.
SERVER-[2022-09-21 12:43:00]-/mnt/d/jericho2/src/server/client.cc-void drop_client(Client*, Client**)-90-Dropping client: <client-address>
SERVER-[2022-09-21 12:43:01]-/mnt/d/jericho2/src/main.cc-int main(int, char**)-137-New connection from 127.0.0.1.
SERVER-[2022-09-21 12:43:01]-/mnt/d/jericho2/src/server/client.cc-void drop_client(Client*, Client**)-90-Dropping client: <client-address>
SERVER-[2022-09-21 12:43:01]-/mnt/d/jericho2/src/main.cc-int main(int, char**)-137-New connection from 127.0.0.1.
SERVER-[2022-09-21 12:43:01]-/mnt/d/jericho2/src/server/client.cc-void drop_client(Client*, Client**)-90-Dropping client: <client-address>
SERVER-[2022-09-21 12:43:01]-/mnt/d/jericho2/src/main.cc-int main(int, char**)-137-New connection from 127.0.0.1.
SERVER-[2022-09-21 12:43:01]-/mnt/d/jericho2/src/server/client.cc-void drop_client(Client*, Client**)-90-Dropping client: <client-address>
SERVER-[2022-09-21 12:43:01]-/mnt/d/jericho2/src/main.cc-int main(int, char**)-137-New connection from 127.0.0.1.
SERVER-[2022-09-21 12:43:01]-/mnt/d/jericho2/src/server/client.cc-void drop_client(Client*, Client**)-90-Dropping client: <client-address>
SERVER-[2022-09-21 12:43:01]-/mnt/d/jericho2/src/main.cc-int main(int, char**)-137-New connection from 127.0.0.1.
SERVER-[2022-09-21 12:43:01]-/mnt/d/jericho2/src/server/client.cc-void drop_client(Client*, Client**)-90-Dropping client: <client-address>
SERVER-[2022-09-21 12:43:01]-/mnt/d/jericho2/src/main.cc-int main(int, char**)-137-New connection from 127.0.0.1.
SERVER-[2022-09-21 12:43:01]-/mnt/d/jericho2/src/server/client.cc-void drop_client(Client*, Client**)-90-Dropping client: <client-address>
SERVER-[2022-09-21 12:43:01]-/mnt/d/jericho2/src/main.cc-int main(int, char**)-137-New connection from 127.0.0.1.
SERVER-[2022-09-21 12:43:01]-/mnt/d/jericho2/src/server/client.cc-void drop_client(Client*, Client**)-90-Dropping client: <client-address>
SERVER-[2022-09-21 12:43:01]-/mnt/d/jericho2/src/main.cc-int main(int, char**)-137-New connection from 127.0.0.1.
SERVER-[2022-09-21 12:43:01]-/mnt/d/jericho2/src/server/client.cc-void drop_client(Client*, Client**)-90-Dropping client: <client-address>
SERVER-[2022-09-21 12:43:01]-/mnt/d/jericho2/src/main.cc-int main(int, char**)-137-New connection from 127.0.0.1.
SERVER-[2022-09-21 12:43:01]-/mnt/d/jericho2/src/server/client.cc-void drop_client(Client*, Client**)-90-Dropping client: <client-address>
SERVER-[2022-09-21 12:43:01]-/mnt/d/jericho2/src/main.cc-int main(int, char**)-137-New connection from 127.0.0.1.
SERVER-[2022-09-21 12:43:01]-/mnt/d/jericho2/src/server/client.cc-void drop_client(Client*, Client**)-90-Dropping client: <client-address>
SERVER-[2022-09-21 12:43:01]-/mnt/d/jericho2/src/main.cc-int main(int, char**)-137-New connection from 127.0.0.1.
SERVER-[2022-09-21 12:43:01]-/mnt/d/jericho2/src/server/client.cc-void drop_client(Client*, Client**)-90-Dropping client: <client-address>
SERVER-[2022-09-21 12:43:01]-/mnt/d/jericho2/src/main.cc-int main(int, char**)-137-New connection from 127.0.0.1.
SERVER-[2022-09-21 12:43:01]-/mnt/d/jericho2/src/server/client.cc-void drop_client(Client*, Client**)-90-Dropping client: <client-address>
SERVER-[2022-09-21 12:43:01]-/mnt/d/jericho2/src/main.cc-int main(int, char**)-137-New connection from 127.0.0.1.
SERVER-[2022-09-21 12:43:01]-/mnt/d/jericho2/src/server/client.cc-void drop_client(Client*, Client**)-90-Dropping client: <client-address>
SERVER-[2022-09-21 12:43:01]-/mnt/d/jericho2/src/main.cc-int main(int, char**)-137-New connection from 127.0.0.1.
SERVER-[2022-09-21 12:43:01]-/mnt/d/jericho2/src/server/client.cc-void drop_client(Client*, Client**)-90-Dropping client: <client-address>
SERVER-[2022-09-21 12:43:01]-/mnt/d/jericho2/src/main.cc-int main(int, char**)-137-New connection from 127.0.0.1.
SERVER-[2022-09-21 12:43:01]-/mnt/d/jericho2/src/server/client.cc-void drop_client(Client*, Client**)-90-Dropping client: <client-address>
SERVER-[2022-09-21 12:43:01]-/mnt/d/jericho2/src/main.cc-int main(int, char**)-137-New connection from 127.0.0.1.
SERVER-[2022-09-21 12:43:01]-/mnt/d/jericho2/src/server/client.cc-void drop_client(Client*, Client**)-90-Dropping client: <client-address>
SERVER-[2022-09-21 12:43:01]-/mnt/d/jericho2/src/main.cc-int main(int, char**)-137-New connection from 127.0.0.1.
SERVER-[2022-09-21 12:43:01]-/mnt/d/jericho2/src/server/client.cc-void drop_client(Client*, Client**)-90-Dropping client: <client-address>
SERVER-[2022-09-21 12:43:01]-/mnt/d/jericho2/src/main.cc-int main(int, char**)-137-New connection from 127.0.0.1.
SERVER-[2022-09-21 12:43:01]-/mnt/d/jericho2/src/server/client.cc-void drop_client(Client*, Client**)-90-Dropping client: <client-address>
SERVER-[2022-09-21 12:43:02]-/mnt/d/jericho2/src/main.cc-int main(int, char**)-137-New connection from 127.0.0.1.
SERVER-[2022-09-21 12:43:02]-/mnt/d/jericho2/src/server/client.cc-void drop_client(Client*, Client**)-90-Dropping client: <client-address>
SERVER-[2022-09-21 12:43:02]-/mnt/d/jericho2/src/main.cc-int main(int, char**)-137-New connection from 127.0.0.1.
SERVER-[2022-09-21 12:43:02]-/mnt/d/jericho2/src/server/client.cc-void drop_client(Client*, Client**)-90-Dropping client: <client-address>
SERVER-[2022-09-21 12:43:02]-/mnt/d/jericho2/src/main.cc-int main(int, char**)-137-New connection from 127.0.0.1.
SERVER-[2022-09-21 12:43:02]-/mnt/d/jericho2/src/server/client.cc-void drop_client(Client*, Client**)-90-Dropping client: <client-address>
SERVER-[2022-09-21 12:43:02]-/mnt/d/jericho2/src/main.cc-int main(int, char**)-137-New connection from 127.0.0.1.
SERVER-[2022-09-21 12:43:02]-/mnt/d/jericho2/src/server/client.cc-void drop_client(Client*, Client**)-90-Dropping client: <client-address>
SERVER-[2022-09-21 12:43:02]-/mnt/d/jericho2/src/main.cc-int main(int, char**)-137-New connection from 127.0.0.1.
SERVER-[2022-09-21 12:43:02]-/mnt/d/jericho2/src/server/client.cc-void drop_client(Client*, Client**)-90-Dropping client: <client-address>
SERVER-[2022-09-21 12:43:02]-/mnt/d/jericho2/src/main.cc-int main(int, char**)-137-New connection from 127.0.0.1.
SERVER-[2022-09-21 12:43:02]-/mnt/d/jericho2/src/server/client.cc-void drop_client(Client*, Client**)-90-Dropping client: <client-address>
SERVER-[2022-09-21 12:43:02]-/mnt/d/jericho2/src/main.cc-int main(int, char**)-137-New connection from 127.0.0.1.
SERVER-[2022-09-21 12:43:02]-/mnt/d/jericho2/src/server/client.cc-void drop_client(Client*, Client**)-90-Dropping client: <client-address>
SERVER-[2022-09-21 12:43:02]-/mnt/d/jericho2/src/main.cc-int main(int, char**)-137-New connection from 127.0.0.1.
SERVER-[2022-09-21 12:43:02]-/mnt/d/jericho2/src/server/client.cc-void drop_client(Client*, Client**)-90-Dropping client: <client-address>
SERVER-[2022-09-21 12:43:02]-/mnt/d/jericho2/src/main.cc-int main(int, char**)-137-New connection from 127.0.0.1.
SERVER-[2022-09-21 12:43:02]-/mnt/d/jericho2/src/server/client.cc-void drop_client(Client*, Client**)-90-Dropping client: <client-address>
SERVER-[2022-09-21 12:43:02]-/mnt/d/jericho2/src/main.cc-int main(int, char**)-137-New connection from 127.0.0.1.
SERVER-[2022-09-21 12:43:02]-/mnt/d/jericho2/src/server/client.cc-void drop_client(Client*, Client**)-90-Dropping client: <client-address>
SERVER-[2022-09-21 12:43:02]-/mnt/d/jericho2/src/main.cc-int main(int, char**)-137-New connection from 127.0.0.1.
SERVER-[2022-09-21 12:43:02]-/mnt/d/jericho2/src/server/client.cc-void drop_client(Client*, Client**)-90-Dropping client: <client-address>
SERVER-[2022-09-21 12:43:02]-/mnt/d/jericho2/src/main.cc-int main(int, char**)-137-New connection from 127.0.0.1.
SERVER-[2022-09-21 12:43:02]-/mnt/d/jericho2/src/server/client.cc-void drop_client(Client*, Client**)-90-Dropping client: <client-address>
SERVER-[2022-09-21 12:43:02]-/mnt/d/jericho2/src/main.cc-int main(int, char**)-137-New connection from 127.0.0.1.
SERVER-[2022-09-21 12:43:02]-/mnt/d/jericho2/src/server/client.cc-void drop_client(Client*, Client**)-90-Dropping client: <client-address>
SERVER-[2022-09-21 12:43:02]-/mnt/d/jericho2/src/main.cc-int main(int, char**)-137-New connection from 127.0.0.1.
SERVER-[2022-09-21 12:43:02]-/mnt/d/jericho2/src/server/client.cc-void drop_client(Client*, Client**)-90-Dropping client: <client-address>
SERVER-[2022-09-21 12:43:02]-/mnt/d/jericho2/src/main.cc-int main(int, char**)-137-New connection from 127.0.0.1.
SERVER-[2022-09-21 12:43:02]-/mnt/d/jericho2/src/server/client.cc-void drop_client(Client*, Client**)-90-Dropping client: <client-address>
SERVER-[2022-09-21 12:43:02]-/mnt/d/jericho2/src/main.cc-int main(int, char**)-137-New connection from 127.0.0.1.
SERVER-[2022-09-21 12:43:02]-/mnt/d/jericho2/src/server/client.cc-void drop_client(Client*, Client**)-90-Dropping client: <client-address>
SERVER-[2022-09-21 12:43:02]-/mnt/d/jericho2/src/main.cc-int main(int, char**)-137-New connection from 127.0.0.1.
SERVER-[2022-09-21 12:43:02]-/mnt/d/jericho2/src/main.cc-int main(int, char**)-137-New connection from 127.0.0.1.
SERVER-[2022-09-21 12:43:02]-/mnt/d/jericho2/src/main.cc-int main(int, char**)-187-Request received from client: <client-address>
SERVER-[2022-09-21 12:43:02]-/mnt/d/jericho2/src/main.cc-int main(int, char**)-187-Request received from client: <client-address>
SERVER-[2022-09-21 12:43:03]-/mnt/d/jericho2/src/main.cc-int main(int, char**)-137-New connection from 127.0.0.1.
SERVER-[2022-09-21 12:43:03]-/mnt/d/jericho2/src/main.cc-int main(int, char**)-137-New connection from 127.0.0.1.
SERVER-[2022-09-21 12:43:03]-/mnt/d/jericho2/src/main.cc-int main(int, char**)-137-New connection from 127.0.0.1.
SERVER-[2022-09-21 12:43:03]-/mnt/d/jericho2/src/main.cc-int main(int, char**)-187-Request received from client: <client-address>
SERVER-[2022-09-21 12:43:03]-/mnt/d/jericho2/src/main.cc-int main(int, char**)-137-New connection from 127.0.0.1.
SERVER-[2022-09-21 12:43:03]-/mnt/d/jericho2/src/main.cc-int main(int, char**)-187-Request received from client: <client-address>
SERVER-[2022-09-21 12:43:03]-/mnt/d/jericho2/src/main.cc-int main(int, char**)-187-Request received from client: <client-address>
SERVER-[2022-09-21 12:43:03]-/mnt/d/jericho2/src/main.cc-int main(int, char**)-137-New connection from 127.0.0.1.
SERVER-[2022-09-21 12:43:03]-/mnt/d/jericho2/src/main.cc-int main(int, char**)-187-Request received from client: <client-address>
SERVER-[2022-09-21 12:43:03]-/mnt/d/jericho2/src/main.cc-int main(int, char**)-137-New connection from 127.0.0.1.
SERVER-[2022-09-21 12:43:03]-/mnt/d/jericho2/src/main.cc-int main(int, char**)-187-Request received from client: <client-address>
SERVER-[2022-09-21 12:43:03]-/mnt/d/jericho2/src/main.cc-int main(int, char**)-187-Request received from client: <client-address>
SERVER-[2022-09-21 12:43:03]-/mnt/d/jericho2/src/main.cc-int main(int, char**)-137-New connection from 127.0.0.1.
SERVER-[2022-09-21 12:43:03]-/mnt/d/jericho2/src/server/client.cc-void drop_client(Client*, Client**)-90-Dropping client: <client-address>
SERVER-[2022-09-21 12:43:03]-/mnt/d/jericho2/src/main.cc-int main(int, char**)-137-New connection from 127.0.0.1.
SERVER-[2022-09-21 12:43:03]-/mnt/d/jericho2/src/server/client.cc-void drop_client(Client*, Client**)-90-Dropping client: <client-address>
SERVER-[2022-09-21 12:43:03]-/mnt/d/jericho2/src/main.cc-int main(int, char**)-137-New connection from 127.0.0.1.
SERVER-[2022-09-21 12:43:03]-/mnt/d/jericho2/src/server/client.cc-void drop_client(Client*, Client**)-90-Dropping client: <client-address>
SERVER-[2022-09-21 12:43:03]-/mnt/d/jericho2/src/main.cc-int main(int, char**)-137-New connection from 127.0.0.1.
SERVER-[2022-09-21 12:43:03]-/mnt/d/jericho2/src/server/client.cc-void drop_client(Client*, Client**)-90-Dropping client: <client-address>
SERVER-[2022-09-21 12:43:03]-/mnt/d/jericho2/src/main.cc-int main(int, char**)-137-New connection from 127.0.0.1.
SERVER-[2022-09-21 12:43:03]-/mnt/d/jericho2/src/server/client.cc-void drop_client(Client*, Client**)-90-Dropping client: <client-address>
SERVER-[2022-09-21 12:43:03]-/mnt/d/jericho2/src/main.cc-int main(int, char**)-137-New connection from 127.0.0.1.
SERVER-[2022-09-21 12:43:03]-/mnt/d/jericho2/src/server/client.cc-void drop_client(Client*, Client**)-90-Dropping client: <client-address>
SERVER-[2022-09-21 12:43:03]-/mnt/d/jericho2/src/main.cc-int main(int, char**)-137-New connection from 127.0.0.1.
SERVER-[2022-09-21 12:43:03]-/mnt/d/jericho2/src/server/client.cc-void drop_client(Client*, Client**)-90-Dropping client: <client-address>
SERVER-[2022-09-21 12:43:03]-/mnt/d/jericho2/src/main.cc-int main(int, char**)-137-New connection from 127.0.0.1.
SERVER-[2022-09-21 12:43:03]-/mnt/d/jericho2/src/server/client.cc-void drop_client(Client*, Client**)-90-Dropping client: <client-address>
SERVER-[2022-09-21 12:43:03]-/mnt/d/jericho2/src/main.cc-int main(int, char**)-137-New connection from 127.0.0.1.
SERVER-[2022-09-21 12:43:03]-/mnt/d/jericho2/src/server/client.cc-void drop_client(Client*, Client**)-90-Dropping client: <client-address>
SERVER-[2022-09-21 12:43:03]-/mnt/d/jericho2/src/main.cc-int main(int, char**)-137-New connection from 127.0.0.1.
SERVER-[2022-09-21 12:43:03]-/mnt/d/jericho2/src/server/client.cc-void drop_client(Client*, Client**)-90-Dropping client: <client-address>
SERVER-[2022-09-21 12:43:03]-/mnt/d/jericho2/src/main.cc-int main(int, char**)-137-New connection from 127.0.0.1.
SERVER-[2022-09-21 12:43:03]-/mnt/d/jericho2/src/server/client.cc-void drop_client(Client*, Client**)-90-Dropping client: <client-address>
SERVER-[2022-09-21 12:43:03]-/mnt/d/jericho2/src/main.cc-int main(int, char**)-137-New connection from 127.0.0.1.
SERVER-[2022-09-21 12:43:03]-/mnt/d/jericho2/src/server/client.cc-void drop_client(Client*, Client**)-90-Dropping client: <client-address>
SERVER-[2022-09-21 12:43:03]-/mnt/d/jericho2/src/main.cc-int main(int, char**)-137-New connection from 127.0.0.1.
SERVER-[2022-09-21 12:43:03]-/mnt/d/jericho2/src/server/client.cc-void drop_client(Client*, Client**)-90-Dropping client: <client-address>
SERVER-[2022-09-21 12:43:03]-/mnt/d/jericho2/src/main.cc-int main(int, char**)-137-New connection from 127.0.0.1.
SERVER-[2022-09-21 12:43:03]-/mnt/d/jericho2/src/server/client.cc-void drop_client(Client*, Client**)-90-Dropping client: <client-address>
SERVER-[2022-09-21 12:43:03]-/mnt/d/jericho2/src/main.cc-int main(int, char**)-137-New connection from 127.0.0.1.
SERVER-[2022-09-21 12:43:03]-/mnt/d/jericho2/src/server/client.cc-void drop_client(Client*, Client**)-90-Dropping client: <client-address>
SERVER-[2022-09-21 12:43:03]-/mnt/d/jericho2/src/main.cc-int main(int, char**)-137-New connection from 127.0.0.1.
SERVER-[2022-09-21 12:43:03]-/mnt/d/jericho2/src/server/client.cc-void drop_client(Client*, Client**)-90-Dropping client: <client-address>
SERVER-[2022-09-21 12:43:04]-/mnt/d/jericho2/src/main.cc-int main(int, char**)-137-New connection from 127.0.0.1.
SERVER-[2022-09-21 12:43:04]-/mnt/d/jericho2/src/main.cc-int main(int, char**)-137-New connection from 127.0.0.1.
SERVER-[2022-09-21 12:43:04]-/mnt/d/jericho2/src/main.cc-int main(int, char**)-187-Request received from client: <client-address>
SERVER-[2022-09-21 12:43:04]-/mnt/d/jericho2/src/main.cc-int main(int, char**)-187-Request received from client: <client-address>
SERVER-[2022-09-21 12:43:04]-/mnt/d/jericho2/src/main.cc-int main(int, char**)-137-New connection from 127.0.0.1.
SERVER-[2022-09-21 12:43:04]-/mnt/d/jericho2/src/main.cc-int main(int, char**)-137-New connection from 127.0.0.1.
SERVER-[2022-09-21 12:43:04]-/mnt/d/jericho2/src/main.cc-int main(int, char**)-187-Request received from client: <client-address>
SERVER-[2022-09-21 12:43:04]-/mnt/d/jericho2/src/main.cc-int main(int, char**)-137-New connection from 127.0.0.1.
SERVER-[2022-09-21 12:43:04]-/mnt/d/jericho2/src/main.cc-int main(int, char**)-187-Request received from client: <client-address>
SERVER-[2022-09-21 12:43:04]-/mnt/d/jericho2/src/main.cc-int main(int, char**)-137-New connection from 127.0.0.1.
SERVER-[2022-09-21 12:43:04]-/mnt/d/jericho2/src/main.cc-int main(int, char**)-187-Request received from client: <client-address>
SERVER-[2022-09-21 12:43:04]-/mnt/d/jericho2/src/main.cc-int main(int, char**)-137-New connection from 127.0.0.1.
SERVER-[2022-09-21 12:43:04]-/mnt/d/jericho2/src/main.cc-int main(int, char**)-187-Request received from client: <client-address>
SERVER-[2022-09-21 12:43:04]-/mnt/d/jericho2/src/main.cc-int main(int, char**)-137-New connection from 127.0.0.1.
SERVER-[2022-09-21 12:43:04]-/mnt/d/jericho2/src/main.cc-int main(int, char**)-187-Request received from client: <client-address>
SERVER-[2022-09-21 12:43:04]-/mnt/d/jericho2/src/main.cc-int main(int, char**)-187-Request received from client: <client-address>
SERVER-[2022-09-21 12:43:04]-/mnt/d/jericho2/src/main.cc-int main(int, char**)-137-New connection from 127.0.0.1.
SERVER-[2022-09-21 12:43:04]-/mnt/d/jericho2/src/main.cc-int main(int, char**)-137-New connection from 127.0.0.1.
SERVER-[2022-09-21 12:43:04]-/mnt/d/jericho2/src/main.cc-int main(int, char**)-137-New connection from 127.0.0.1.
SERVER-[2022-09-21 12:43:04]-/mnt/d/jericho2/src/main.cc-int main(int, char**)-187-Request received from client: <client-address>
SERVER-[2022-09-21 12:43:04]-/mnt/d/jericho2/src/main.cc-int main(int, char**)-187-Request received from client: <client-address>
SERVER-[2022-09-21 12:43:04]-/mnt/d/jericho2/src/main.cc-int main(int, char**)-187-Request received from client: <client-address>
SERVER-[2022-09-21 12:43:35]-/mnt/d/jericho2/src/main.cc-int main(int, char**)-137-New connection from 127.0.0.1.
SERVER-[2022-09-21 12:43:35]-/mnt/d/jericho2/src/server/client.cc-void drop_client(Client*, Client**)-90-Dropping client: <client-address>
SERVER-[2022-09-21 12:43:35]-/mnt/d/jericho2/src/main.cc-int main(int, char**)-137-New connection from 127.0.0.1.
SERVER-[2022-09-21 12:43:35]-/mnt/d/jericho2/src/server/client.cc-void drop_client(Client*, Client**)-90-Dropping client: <client-address>
SERVER-[2022-09-21 12:43:35]-/mnt/d/jericho2/src/main.cc-int main(int, char**)-137-New connection from 127.0.0.1.
SERVER-[2022-09-21 12:43:35]-/mnt/d/jericho2/src/main.cc-int main(int, char**)-187-Request received from client: <client-address>
SERVER-[2022-09-21 12:43:35]-/mnt/d/jericho2/src/server/client.cc-void drop_client(Client*, Client**)-90-Dropping client: <client-address>
SERVER-[2022-09-21 12:43:35]-/mnt/d/jericho2/src/main.cc-int main(int, char**)-137-New connection from 127.0.0.1.
SERVER-[2022-09-21 12:43:35]-/mnt/d/jericho2/src/main.cc-int main(int, char**)-187-Request received from client: <client-address>
SERVER-[2022-09-21 12:43:35]-/mnt/d/jericho2/src/server/client.cc-void drop_client(Client*, Client**)-90-Dropping client: <client-address>
SERVER-[2022-09-21 12:43:35]-/mnt/d/jericho2/src/main.cc-int main(int, char**)-137-New connection from 127.0.0.1.
SERVER-[2022-09-21 12:43:35]-/mnt/d/jericho2/src/server/client.cc-void drop_client(Client*, Client**)-90-Dropping client: <client-address>
SERVER-[2022-09-21 12:43:35]-/mnt/d/jericho2/src/main.cc-int main(int, char**)-137-New connection from 127.0.0.1.
SERVER-[2022-09-21 12:43:35]-/mnt/d/jericho2/src/server/client.cc-void drop_client(Client*, Client**)-90-Dropping client: <client-address>
SERVER-[2022-09-21 12:43:35]-/mnt/d/jericho2/src/main.cc-int main(int, char**)-137-New connection from 127.0.0.1.
SERVER-[2022-09-21 12:43:35]-/mnt/d/jericho2/src/server/client.cc-void drop_client(Client*, Client**)-90-Dropping client: <client-address>
SERVER-[2022-09-21 12:43:35]-/mnt/d/jericho2/src/main.cc-int main(int, char**)-137-New connection from 127.0.0.1.
SERVER-[2022-09-21 12:43:35]-/mnt/d/jericho2/src/server/client.cc-void drop_client(Client*, Client**)-90-Dropping client: <client-address>
SERVER-[2022-09-21 12:43:35]-/mnt/d/jericho2/src/main.cc-int main(int, char**)-137-New connection from 127.0.0.1.
SERVER-[2022-09-21 12:43:35]-/mnt/d/jericho2/src/server/client.cc-void drop_client(Client*, Client**)-90-Dropping client: <client-address>
SERVER-[2022-09-21 12:43:35]-/mnt/d/jericho2/src/main.cc-int main(int, char**)-137-New connection from 127.0.0.1.
SERVER-[2022-09-21 12:43:35]-/mnt/d/jericho2/src/server/client.cc-void drop_client(Client*, Client**)-90-Dropping client: <client-address>
SERVER-[2022-09-21 12:43:36]-/mnt/d/jericho2/src/main.cc-int main(int, char**)-137-New connection from 127.0.0.1.
SERVER-[2022-09-21 12:43:36]-/mnt/d/jericho2/src/server/client.cc-void drop_client(Client*, Client**)-90-Dropping client: <client-address>
SERVER-[2022-09-21 12:43:36]-/mnt/d/jericho2/src/main.cc-int main(int, char**)-137-New connection from 127.0.0.1.
SERVER-[2022-09-21 12:43:36]-/mnt/d/jericho2/src/main.cc-int main(int, char**)-187-Request received from client: <client-address>
SERVER-[2022-09-21 12:43:36]-/mnt/d/jericho2/src/server/client.cc-void drop_client(Client*, Client**)-90-Dropping client: <client-address>
SERVER-[2022-09-21 12:43:36]-/mnt/d/jericho2/src/main.cc-int main(int, char**)-137-New connection from 127.0.0.1.
SERVER-[2022-09-21 12:43:36]-/mnt/d/jericho2/src/main.cc-int main(int, char**)-137-New connection from 127.0.0.1.
SERVER-[2022-09-21 12:43:36]-/mnt/d/jericho2/src/main.cc-int main(int, char**)-137-New connection from 127.0.0.1.
SERVER-[2022-09-21 12:43:36]-/mnt/d/jericho2/src/main.cc-int main(int, char**)-187-Request received from client: <client-address>
SERVER-[2022-09-21 12:43:36]-/mnt/d/jericho2/src/main.cc-int main(int, char**)-187-Request received from client: <client-address>
SERVER-[2022-09-21 12:43:36]-/mnt/d/jericho2/src/server/client.cc-void drop_client(Client*, Client**)-90-Dropping client: <client-address>
SERVER-[2022-09-21 12:43:36]-/mnt/d/jericho2/src/main.cc-int main(int, char**)-187-Request received from client: <client-address>
SERVER-[2022-09-21 12:43:36]-/mnt/d/jericho2/src/main.cc-int main(int, char**)-137-New connection from 127.0.0.1.
SERVER-[2022-09-21 12:43:36]-/mnt/d/jericho2/src/main.cc-int main(int, char**)-187-Request received from client: <client-address>
SERVER-[2022-09-21 12:43:36]-/mnt/d/jericho2/src/main.cc-int main(int, char**)-137-New connection from 127.0.0.1.
SERVER-[2022-09-21 12:43:36]-/mnt/d/jericho2/src/main.cc-int main(int, char**)-187-Request received from client: <client-address>
SERVER-[2022-09-21 12:43:36]-/mnt/d/jericho2/src/main.cc-int main(int, char**)-137-New connection from 127.0.0.1.
SERVER-[2022-09-21 12:43:36]-/mnt/d/jericho2/src/main.cc-int main(int, char**)-187-Request received from client: <client-address>
SERVER-[2022-09-21 12:43:36]-/mnt/d/jericho2/src/main.cc-int main(int, char**)-137-New connection from 127.0.0.1.
SERVER-[2022-09-21 12:43:36]-/mnt/d/jericho2/src/server/client.cc-void drop_client(Client*, Client**)-90-Dropping client: <client-address>
SERVER-[2022-09-21 12:43:36]-/mnt/d/jericho2/src/main.cc-int main(int, char**)-137-New connection from 127.0.0.1.
SERVER-[2022-09-21 12:43:36]-/mnt/d/jericho2/src/server/client.cc-void drop_client(Client*, Client**)-90-Dropping client: <client-address>
SERVER-[2022-09-21 12:43:36]-/mnt/d/jericho2/src/main.cc-int main(int, char**)-137-New connection from 127.0.0.1.
SERVER-[2022-09-21 12:43:36]-/mnt/d/jericho2/src/server/client.cc-void drop_client(Client*, Client**)-90-Dropping client: <client-address>
SERVER-[2022-09-21 12:43:36]-/mnt/d/jericho2/src/main.cc-int main(int, char**)-137-New connection from 127.0.0.1.
SERVER-[2022-09-21 12:43:36]-/mnt/d/jericho2/src/server/client.cc-void drop_client(Client*, Client**)-90-Dropping client: <client-address>
SERVER-[2022-09-21 12:43:36]-/mnt/d/jericho2/src/main.cc-int main(int, char**)-137-New connection from 127.0.0.1.
SERVER-[2022-09-21 12:43:36]-/mnt/d/jericho2/src/server/client.cc-void drop_client(Client*, Client**)-90-Dropping client: <client-address>
SERVER-[2022-09-21 12:43:36]-/mnt/d/jericho2/src/main.cc-int main(int, char**)-137-New connection from 127.0.0.1.
SERVER-[2022-09-21 12:43:36]-/mnt/d/jericho2/src/server/client.cc-void drop_client(Client*, Client**)-90-Dropping client: <client-address>
SERVER-[2022-09-21 12:43:36]-/mnt/d/jericho2/src/main.cc-int main(int, char**)-137-New connection from 127.0.0.1.
SERVER-[2022-09-21 12:43:36]-/mnt/d/jericho2/src/server/client.cc-void drop_client(Client*, Client**)-90-Dropping client: <client-address>
SERVER-[2022-09-21 12:43:36]-/mnt/d/jericho2/src/main.cc-int main(int, char**)-137-New connection from 127.0.0.1.
SERVER-[2022-09-21 12:43:36]-/mnt/d/jericho2/src/server/client.cc-void drop_client(Client*, Client**)-90-Dropping client: <client-address>
SERVER-[2022-09-21 12:43:36]-/mnt/d/jericho2/src/main.cc-int main(int, char**)-137-New connection from 127.0.0.1.
SERVER-[2022-09-21 12:43:36]-/mnt/d/jericho2/src/server/client.cc-void drop_client(Client*, Client**)-90-Dropping client: <client-address>
SERVER-[2022-09-21 12:43:37]-/mnt/d/jericho2/src/main.cc-int main(int, char**)-137-New connection from 127.0.0.1.
SERVER-[2022-09-21 12:43:37]-/mnt/d/jericho2/src/server/client.cc-void drop_client(Client*, Client**)-90-Dropping client: <client-address>
SERVER-[2022-09-21 12:43:37]-/mnt/d/jericho2/src/main.cc-int main(int, char**)-137-New connection from 127.0.0.1.
SERVER-[2022-09-21 12:43:37]-/mnt/d/jericho2/src/server/client.cc-void drop_client(Client*, Client**)-90-Dropping client: <client-address>
SERVER-[2022-09-21 12:43:37]-/mnt/d/jericho2/src/main.cc-int main(int, char**)-137-New connection from 127.0.0.1.
SERVER-[2022-09-21 12:43:37]-/mnt/d/jericho2/src/server/client.cc-void drop_client(Client*, Client**)-90-Dropping client: <client-address>
SERVER-[2022-09-21 12:43:37]-/mnt/d/jericho2/src/main.cc-int main(int, char**)-137-New connection from 127.0.0.1.
SERVER-[2022-09-21 12:43:37]-/mnt/d/jericho2/src/server/client.cc-void drop_client(Client*, Client**)-90-Dropping client: <client-address>
SERVER-[2022-09-21 12:43:37]-/mnt/d/jericho2/src/main.cc-int main(int, char**)-137-New connection from 127.0.0.1.
SERVER-[2022-09-21 12:43:37]-/mnt/d/jericho2/src/server/client.cc-void drop_client(Client*, Client**)-90-Dropping client: <client-address>
SERVER-[2022-09-21 12:43:37]-/mnt/d/jericho2/src/main.cc-int main(int, char**)-137-New connection from 127.0.0.1.
SERVER-[2022-09-21 12:43:37]-/mnt/d/jericho2/src/server/client.cc-void drop_client(Client*, Client**)-90-Dropping client: <client-address>
SERVER-[2022-09-21 12:43:37]-/mnt/d/jericho2/src/main.cc-int main(int, char**)-137-New connection from 127.0.0.1.
SERVER-[2022-09-21 12:43:37]-/mnt/d/jericho2/src/server/client.cc-void drop_client(Client*, Client**)-90-Dropping client: <client-address>
SERVER-[2022-09-21 12:43:37]-/mnt/d/jericho2/src/main.cc-int main(int, char**)-137-New connection from 127.0.0.1.
SERVER-[2022-09-21 12:43:37]-/mnt/d/jericho2/src/server/client.cc-void drop_client(Client*, Client**)-90-Dropping client: <client-address>
SERVER-[2022-09-21 12:43:37]-/mnt/d/jericho2/src/main.cc-int main(int, char**)-137-New connection from 127.0.0.1.
SERVER-[2022-09-21 12:43:37]-/mnt/d/jericho2/src/server/client.cc-void drop_client(Client*, Client**)-90-Dropping client: <client-address>
SERVER-[2022-09-21 12:43:37]-/mnt/d/jericho2/src/main.cc-int main(int, char**)-137-New connection from 127.0.0.1.
SERVER-[2022-09-21 12:43:37]-/mnt/d/jericho2/src/server/client.cc-void drop_client(Client*, Client**)-90-Dropping client: <client-address>
SERVER-[2022-09-21 12:43:37]-/mnt/d/jericho2/src/main.cc-int main(int, char**)-137-New connection from 127.0.0.1.
SERVER-[2022-09-21 12:43:37]-/mnt/d/jericho2/src/server/client.cc-void drop_client(Client*, Client**)-90-Dropping client: <client-address>
SERVER-[2022-09-21 12:43:37]-/mnt/d/jericho2/src/main.cc-int main(int, char**)-137-New connection from 127.0.0.1.
SERVER-[2022-09-21 12:43:37]-/mnt/d/jericho2/src/server/client.cc-void drop_client(Client*, Client**)-90-Dropping client: <client-address>
SERVER-[2022-09-21 12:43:37]-/mnt/d/jericho2/src/main.cc-int main(int, char**)-137-New connection from 127.0.0.1.
SERVER-[2022-09-21 12:43:37]-/mnt/d/jericho2/src/server/client.cc-void drop_client(Client*, Client**)-90-Dropping client: <client-address>
SERVER-[2022-09-21 12:43:37]-/mnt/d/jericho2/src/main.cc-int main(int, char**)-137-New connection from 127.0.0.1.
SERVER-[2022-09-21 12:43:37]-/mnt/d/jericho2/src/server/client.cc-void drop_client(Client*, Client**)-90-Dropping client: <client-address>
SERVER-[2022-09-21 12:43:37]-/mnt/d/jericho2/src/main.cc-int main(int, char**)-137-New connection from 127.0.0.1.
SERVER-[2022-09-21 12:43:37]-/mnt/d/jericho2/src/server/client.cc-void drop_client(Client*, Client**)-90-Dropping client: <client-address>
SERVER-[2022-09-21 12:43:37]-/mnt/d/jericho2/src/main.cc-int main(int, char**)-137-New connection from 127.0.0.1.
SERVER-[2022-09-21 12:43:37]-/mnt/d/jericho2/src/server/client.cc-void drop_client(Client*, Client**)-90-Dropping client: <client-address>
SERVER-[2022-09-21 12:43:37]-/mnt/d/jericho2/src/main.cc-int main(int, char**)-137-New connection from 127.0.0.1.
SERVER-[2022-09-21 12:43:37]-/mnt/d/jericho2/src/server/client.cc-void drop_client(Client*, Client**)-90-Dropping client: <client-address>
SERVER-[2022-09-21 12:43:37]-/mnt/d/jericho2/src/main.cc-int main(int, char**)-137-New connection from 127.0.0.1.
SERVER-[2022-09-21 12:43:37]-/mnt/d/jericho2/src/server/client.cc-void drop_client(Client*, Client**)-90-Dropping client: <client-address>
SERVER-[2022-09-21 12:43:37]-/mnt/d/jericho2/src/main.cc-int main(int, char**)-137-New connection from 127.0.0.1.
SERVER-[2022-09-21 12:43:37]-/mnt/d/jericho2/src/server/client.cc-void drop_client(Client*, Client**)-90-Dropping client: <client-address>
SERVER-[2022-09-21 12:43:37]-/mnt/d/jericho2/src/main.cc-int main(int, char**)-137-New connection from 127.0.0.1.
SERVER-[2022-09-21 12:43:37]-/mnt/d/jericho2/src/server/client.cc-void drop_client(Client*, Client**)-90-Dropping client: <client-address>
SERVER-[2022-09-21 12:43:37]-/mnt/d/jericho2/src/main.cc-int main(int, char**)-137-New connection from 127.0.0.1.
SERVER-[2022-09-21 12:43:37]-/mnt/d/jericho2/src/server/client.cc-void drop_client(Client*, Client**)-90-Dropping client: <client-address>
SERVER-[2022-09-21 12:43:38]-/mnt/d/jericho2/src/main.cc-int main(int, char**)-137-New connection from 127.0.0.1.
SERVER-[2022-09-21 12:43:38]-/mnt/d/jericho2/src/server/client.cc-void drop_client(Client*, Client**)-90-Dropping client: <client-address>
SERVER-[2022-09-21 12:43:38]-/mnt/d/jericho2/src/main.cc-int main(int, char**)-137-New connection from 127.0.0.1.
SERVER-[2022-09-21 12:43:38]-/mnt/d/jericho2/src/server/client.cc-void drop_client(Client*, Client**)-90-Dropping client: <client-address>
SERVER-[2022-09-21 12:43:38]-/mnt/d/jericho2/src/main.cc-int main(int, char**)-137-New connection from 127.0.0.1.
SERVER-[2022-09-21 12:43:38]-/mnt/d/jericho2/src/server/client.cc-void drop_client(Client*, Client**)-90-Dropping client: <client-address>
SERVER-[2022-09-21 12:43:38]-/mnt/d/jericho2/src/main.cc-int main(int, char**)-137-New connection from 127.0.0.1.
SERVER-[2022-09-21 12:43:38]-/mnt/d/jericho2/src/server/client.cc-void drop_client(Client*, Client**)-90-Dropping client: <client-address>
SERVER-[2022-09-21 12:43:38]-/mnt/d/jericho2/src/main.cc-int main(int, char**)-137-New connection from 127.0.0.1.
SERVER-[2022-09-21 12:43:38]-/mnt/d/jericho2/src/server/client.cc-void drop_client(Client*, Client**)-90-Dropping client: <client-address>
SERVER-[2022-09-21 12:43:38]-/mnt/d/jericho2/src/main.cc-int main(int, char**)-137-New connection from 127.0.0.1.
SERVER-[2022-09-21 12:43:38]-/mnt/d/jericho2/src/server/client.cc-void drop_client(Client*, Client**)-90-Dropping client: <client-address>
SERVER-[2022-09-21 12:43:38]-/mnt/d/jericho2/src/main.cc-int main(int, char**)-137-New connection from 127.0.0.1.
SERVER-[2022-09-21 12:43:38]-/mnt/d/jericho2/src/server/client.cc-void drop_client(Client*, Client**)-90-Dropping client: <client-address>
SERVER-[2022-09-21 12:43:38]-/mnt/d/jericho2/src/main.cc-int main(int, char**)-137-New connection from 127.0.0.1.
SERVER-[2022-09-21 12:43:38]-/mnt/d/jericho2/src/server/client.cc-void drop_client(Client*, Client**)-90-Dropping client: <client-address>
SERVER-[2022-09-21 12:43:38]-/mnt/d/jericho2/src/main.cc-int main(int, char**)-137-New connection from 127.0.0.1.
SERVER-[2022-09-21 12:43:38]-/mnt/d/jericho2/src/server/client.cc-void drop_client(Client*, Client**)-90-Dropping client: <client-address>
SERVER-[2022-09-21 12:43:38]-/mnt/d/jericho2/src/main.cc-int main(int, char**)-137-New connection from 127.0.0.1.
SERVER-[2022-09-21 12:43:38]-/mnt/d/jericho2/src/server/client.cc-void drop_client(Client*, Client**)-90-Dropping client: <client-address>
SERVER-[2022-09-21 12:43:38]-/mnt/d/jericho2/src/main.cc-int main(int, char**)-137-New connection from 127.0.0.1.
SERVER-[2022-09-21 12:43:38]-/mnt/d/jericho2/src/server/client.cc-void drop_client(Client*, Client**)-90-Dropping client: <client-address>
SERVER-[2022-09-21 12:43:38]-/mnt/d/jericho2/src/main.cc-int main(int, char**)-137-New connection from 127.0.0.1.
SERVER-[2022-09-21 12:43:38]-/mnt/d/jericho2/src/main.cc-int main(int, char**)-187-Request received from client: <client-address>
SERVER-[2022-09-21 12:43:38]-/mnt/d/jericho2/src/main.cc-int main(int, char**)-137-New connection from 127.0.0.1.
SERVER-[2022-09-21 12:43:38]-/mnt/d/jericho2/src/main.cc-int main(int, char**)-137-New connection from 127.0.0.1.
SERVER-[2022-09-21 12:43:38]-/mnt/d/jericho2/src/main.cc-int main(int, char**)-187-Request received from client: <client-address>
SERVER-[2022-09-21 12:43:38]-/mnt/d/jericho2/src/main.cc-int main(int, char**)-137-New connection from 127.0.0.1.
SERVER-[2022-09-21 12:43:38]-/mnt/d/jericho2/src/main.cc-int main(int, char**)-187-Request received from client: <client-address>
SERVER-[2022-09-21 12:43:38]-/mnt/d/jericho2/src/main.cc-int main(int, char**)-187-Request received from client: <client-address>
SERVER-[2022-09-21 12:43:38]-/mnt/d/jericho2/src/main.cc-int main(int, char**)-137-New connection from 127.0.0.1.
SERVER-[2022-09-21 12:43:38]-/mnt/d/jericho2/src/main.cc-int main(int, char**)-137-New connection from 127.0.0.1.
SERVER-[2022-09-21 12:43:38]-/mnt/d/jericho2/src/main.cc-int main(int, char**)-187-Request received from client: <client-address>
SERVER-[2022-09-21 12:43:38]-/mnt/d/jericho2/src/main.cc-int main(int, char**)-137-New connection from 127.0.0.1.
SERVER-[2022-09-21 12:43:38]-/mnt/d/jericho2/src/main.cc-int main(int, char**)-187-Request received from client: <client-address>
SERVER-[2022-09-21 12:43:38]-/mnt/d/jericho2/src/main.cc-int main(int, char**)-187-Request received from client: <client-address>
SERVER-[2022-09-21 12:43:39]-/mnt/d/jericho2/src/main.cc-int main(int, char**)-137-New connection from 127.0.0.1.
SERVER-[2022-09-21 12:43:39]-/mnt/d/jericho2/src/main.cc-int main(int, char**)-137-New connection from 127.0.0.1.
SERVER-[2022-09-21 12:43:39]-/mnt/d/jericho2/src/server/client.cc-void drop_client(Client*, Client**)-90-Dropping client: <client-address>
SERVER-[2022-09-21 12:43:39]-/mnt/d/jericho2/src/main.cc-int main(int, char**)-187-Request received from client: <client-address>
SERVER-[2022-09-21 12:43:39]-/mnt/d/jericho2/src/main.cc-int main(int, char**)-137-New connection from 127.0.0.1.
SERVER-[2022-09-21 12:43:39]-/mnt/d/jericho2/src/main.cc-int main(int, char**)-187-Request received from client: <client-address>
SERVER-[2022-09-21 12:43:39]-/mnt/d/jericho2/src/main.cc-int main(int, char**)-137-New connection from 127.0.0.1.
SERVER-[2022-09-21 12:43:39]-/mnt/d/jericho2/src/server/client.cc-void drop_client(Client*, Client**)-90-Dropping client: <client-address>
SERVER-[2022-09-21 12:43:39]-/mnt/d/jericho2/src/main.cc-int main(int, char**)-137-New connection from 127.0.0.1.
SERVER-[2022-09-21 12:43:39]-/mnt/d/jericho2/src/server/client.cc-void drop_client(Client*, Client**)-90-Dropping client: <client-address>
SERVER-[2022-09-21 12:43:39]-/mnt/d/jericho2/src/main.cc-int main(int, char**)-137-New connection from 127.0.0.1.
SERVER-[2022-09-21 12:43:39]-/mnt/d/jericho2/src/server/client.cc-void drop_client(Client*, Client**)-90-Dropping client: <client-address>
SERVER-[2022-09-21 12:43:39]-/mnt/d/jericho2/src/main.cc-int main(int, char**)-137-New connection from 127.0.0.1.
SERVER-[2022-09-21 12:43:39]-/mnt/d/jericho2/src/server/client.cc-void drop_client(Client*, Client**)-90-Dropping client: <client-address>
SERVER-[2022-09-21 12:43:39]-/mnt/d/jericho2/src/main.cc-int main(int, char**)-137-New connection from 127.0.0.1.
SERVER-[2022-09-21 12:43:39]-/mnt/d/jericho2/src/server/client.cc-void drop_client(Client*, Client**)-90-Dropping client: <client-address>
SERVER-[2022-09-21 12:43:39]-/mnt/d/jericho2/src/main.cc-int main(int, char**)-137-New connection from 127.0.0.1.
SERVER-[2022-09-21 12:43:39]-/mnt/d/jericho2/src/server/client.cc-void drop_client(Client*, Client**)-90-Dropping client: <client-address>
SERVER-[2022-09-21 12:43:39]-/mnt/d/jericho2/src/main.cc-int main(int, char**)-137-New connection from 127.0.0.1.
SERVER-[2022-09-21 12:43:39]-/mnt/d/jericho2/src/server/client.cc-void drop_client(Client*, Client**)-90-Dropping client: <client-address>
SERVER-[2022-09-21 12:43:39]-/mnt/d/jericho2/src/main.cc-int main(int, char**)-137-New connection from 127.0.0.1.
SERVER-[2022-09-21 12:43:39]-/mnt/d/jericho2/src/server/client.cc-void drop_client(Client*, Client**)-90-Dropping client: <client-address>
SERVER-[2022-09-21 12:43:39]-/mnt/d/jericho2/src/main.cc-int main(int, char**)-137-New connection from 127.0.0.1.
SERVER-[2022-09-21 12:43:39]-/mnt/d/jericho2/src/server/client.cc-void drop_client(Client*, Client**)-90-Dropping client: <client-address>
SERVER-[2022-09-21 12:43:39]-/mnt/d/jericho2/src/main.cc-int main(int, char**)-137-New connection from 127.0.0.1.
SERVER-[2022-09-21 12:43:39]-/mnt/d/jericho2/src/server/client.cc-void drop_client(Client*, Client**)-90-Dropping client: <client-address>
SERVER-[2022-09-21 12:43:39]-/mnt/d/jericho2/src/main.cc-int main(int, char**)-137-New connection from 127.0.0.1.
SERVER-[2022-09-21 12:43:39]-/mnt/d/jericho2/src/server/client.cc-void drop_client(Client*, Client**)-90-Dropping client: <client-address>
SERVER-[2022-09-21 12:43:39]-/mnt/d/jericho2/src/main.cc-int main(int, char**)-137-New connection from 127.0.0.1.
SERVER-[2022-09-21 12:43:39]-/mnt/d/jericho2/src/server/client.cc-void drop_client(Client*, Client**)-90-Dropping client: <client-address>
SERVER-[2022-09-21 12:43:39]-/mnt/d/jericho2/src/main.cc-int main(int, char**)-137-New connection from 127.0.0.1.
SERVER-[2022-09-21 12:43:39]-/mnt/d/jericho2/src/server/client.cc-void drop_client(Client*, Client**)-90-Dropping client: <client-address>
SERVER-[2022-09-21 12:43:39]-/mnt/d/jericho2/src/main.cc-int main(int, char**)-137-New connection from 127.0.0.1.
SERVER-[2022-09-21 12:43:39]-/mnt/d/jericho2/src/server/client.cc-void drop_client(Client*, Client**)-90-Dropping client: <client-address>
SERVER-[2022-09-21 12:43:39]-/mnt/d/jericho2/src/main.cc-int main(int, char**)-137-New connection from 127.0.0.1.
SERVER-[2022-09-21 12:43:39]-/mnt/d/jericho2/src/main.cc-int main(int, char**)-187-Request received from client: <client-address>
SERVER-[2022-09-21 12:43:40]-/mnt/d/jericho2/src/main.cc-int main(int, char**)-137-New connection from 127.0.0.1.
SERVER-[2022-09-21 12:43:40]-/mnt/d/jericho2/src/main.cc-int main(int, char**)-137-New connection from 127.0.0.1.
SERVER-[2022-09-21 12:43:40]-/mnt/d/jericho2/src/main.cc-int main(int, char**)-137-New connection from 127.0.0.1.
SERVER-[2022-09-21 12:43:40]-/mnt/d/jericho2/src/main.cc-int main(int, char**)-187-Request received from client: <client-address>
SERVER-[2022-09-21 12:43:40]-/mnt/d/jericho2/src/main.cc-int main(int, char**)-187-Request received from client: <client-address>
SERVER-[2022-09-21 12:43:40]-/mnt/d/jericho2/src/main.cc-int main(int, char**)-137-New connection from 127.0.0.1.
SERVER-[2022-09-21 12:43:40]-/mnt/d/jericho2/src/main.cc-int main(int, char**)-187-Request received from client: <client-address>
SERVER-[2022-09-21 12:43:40]-/mnt/d/jericho2/src/main.cc-int main(int, char**)-187-Request received from client: <client-address>
SERVER-[2022-09-21 12:43:40]-/mnt/d/jericho2/src/main.cc-int main(int, char**)-137-New connection from 127.0.0.1.
SERVER-[2022-09-21 12:43:40]-/mnt/d/jericho2/src/main.cc-int main(int, char**)-187-Request received from client: <client-address>
SERVER-[2022-09-21 12:43:40]-/mnt/d/jericho2/src/main.cc-int main(int, char**)-137-New connection from 127.0.0.1.
SERVER-[2022-09-21 12:43:40]-/mnt/d/jericho2/src/main.cc-int main(int, char**)-187-Request received from client: <client-address>
SERVER-[2022-09-21 12:43:40]-/mnt/d/jericho2/src/main.cc-int main(int, char**)-137-New connection from 127.0.0.1.
SERVER-[2022-09-21 12:43:40]-/mnt/d/jericho2/src/main.cc-int main(int, char**)-137-New connection from 127.0.0.1.
SERVER-[2022-09-21 12:43:40]-/mnt/d/jericho2/src/main.cc-int main(int, char**)-137-New connection from 127.0.0.1.
SERVER-[2022-09-21 12:43:40]-/mnt/d/jericho2/src/main.cc-int main(int, char**)-187-Request received from client: <client-address>
SERVER-[2022-09-21 12:43:40]-/mnt/d/jericho2/src/main.cc-int main(int, char**)-187-Request received from client: <client-address>
SERVER-[2022-09-21 12:43:40]-/mnt/d/jericho2/src/main.cc-int main(int, char**)-187-Request received from client: <client-address>
