username=username&password=password
username=username&password=password
username=username&password=password
username=username&password=password
username=username&password=password
username=username&password=password
username=username&password=password
username=username&password=password
username=username&password=password
username=username&password=password
username=jose&password=cuervo
username=jose&password=cuervo
username=jose&password=cuervo
username=jose&password=cuervo
username=jose&password=cuervo
username=jose&password=cuervo
username=jose&password=cuervo
username=jose&password=cuervo
(null)
username=username&password=password
username=jonsnow
username=jonsnow&password=pass1234
username=jonsnow&password=pass1234
username=jonsnow&password=pass1234
username=jonsnow&password=pass1234
username=jonsnow&password=pass1234
username=jonsnow&password=pass1234
username=jonsnow&password=pass1235
username=jonsnow&password=pass1235
username=jonsnow&password=pass1234
username=jonsnow&password=pass1235
username=jonsnow&password=pass1235
username=jonsnow&password=pass1235
username=jonsnow&password=pass1235
username=jonsnow&password=pass1235
username=jonsnow&password=pass1235
username=jonsnow&password=pass1235
username=jonsnow&password=pass1235
username=jonsnow&password=pass1235
username=jonsnow&password=pass1235
username=jonsnow&password=pass1235
username=jonsnow&password=pass1235
username=jonsnow&password=pass1235
username=jonsnow&password=pass1235
username=jonsnow&password=pass1234
username=jonsnow&password=pass1235
